# JRE version: OpenJDK Runtime Environment Temurin-17.0.5+8 (17.0.5+8) (build 17.0.5+8)
# Java VM: OpenJDK 64-Bit Server VM Temurin-17.0.5+8 (17.0.5+8, mixed mode, emulated-client, tiered, compressed oops, compressed class ptrs, g1 gc, windows-amd64)
GC Precious Log:
 CPUs: 2 total, 2 available
 Memory: 2008M
 Large Page Support: Disabled
 NUMA Support: Disabled
 Compressed Oops: Enabled (32-bit)
 Heap Region Size: 1M
 Heap Min Capacity: 8M
 Heap Initial Capacity: 32M
 Heap Max Capacity: 504M
 Pre-touch: Disabled
 Parallel Workers: 2
 Concurrent Workers: 1
 Concurrent Refinement Workers: 2
 Periodic GC: Disabled
Heap:
 garbage-first heap   total 86016K, used 30563K [0x00000000e0800000, 0x0000000100000000)
  region size 1024K, 4 young (4096K), 4 survivors (4096K)
 Metaspace       used 71040K, committed 71680K, reserved 1114112K
  class space    used 9495K, committed 9792K, reserved 1048576K
GC Heap History (20 events):
Event: 1824.496 GC heap after
{Heap after GC invocations=56 (full 4):
 garbage-first heap   total 151552K, used 23844K [0x00000000e0800000, 0x0000000100000000)
  region size 1024K, 3 young (3072K), 3 survivors (3072K)
 Metaspace       used 69744K, committed 71296K, reserved 1114112K
  class space    used 9404K, committed 9792K, reserved 1048576K
}
Event: 1833.848 GC heap before
{Heap before GC invocations=56 (full 4):
 garbage-first heap   total 151552K, used 49444K [0x00000000e0800000, 0x0000000100000000)
  region size 1024K, 28 young (28672K), 3 survivors (3072K)
 Metaspace       used 69793K, committed 71296K, reserved 1114112K
  class space    used 9412K, committed 9792K, reserved 1048576K
}
Event: 1834.149 GC heap after
{Heap after GC invocations=57 (full 4):
 garbage-first heap   total 151552K, used 26832K [0x00000000e0800000, 0x0000000100000000)
  region size 1024K, 4 young (4096K), 4 survivors (4096K)
 Metaspace       used 69793K, committed 71296K, reserved 1114112K
  class space    used 9412K, committed 9792K, reserved 1048576K
}
Event: 1834.338 GC heap before
{Heap before GC invocations=57 (full 4):
 garbage-first heap   total 151552K, used 36048K [0x00000000e0800000, 0x0000000100000000)
  region size 1024K, 13 young (13312K), 4 survivors (4096K)
 Metaspace       used 69874K, committed 71296K, reserved 1114112K
  class space    used 9419K, committed 9792K, reserved 1048576K
}
Event: 1834.462 GC heap after
{Heap after GC invocations=58 (full 4):
 garbage-first heap   total 151552K, used 27492K [0x00000000e0800000, 0x0000000100000000)
  region size 1024K, 1 young (1024K), 1 survivors (1024K)
 Metaspace       used 69874K, committed 71296K, reserved 1114112K
  class space    used 9419K, committed 9792K, reserved 1048576K
}
Event: 1841.115 GC heap before
{Heap before GC invocations=58 (full 4):
 garbage-first heap   total 151552K, used 62308K [0x00000000e0800000, 0x0000000100000000)
  region size 1024K, 35 young (35840K), 1 survivors (1024K)
 Metaspace       used 70094K, committed 71296K, reserved 1114112K
  class space    used 9435K, committed 9792K, reserved 1048576K
}
Event: 1841.137 GC heap after
{Heap after GC invocations=59 (full 4):
 garbage-first heap   total 151552K, used 29514K [0x00000000e0800000, 0x0000000100000000)
  region size 1024K, 3 young (3072K), 3 survivors (3072K)
 Metaspace       used 70094K, committed 71296K, reserved 1114112K
  class space    used 9435K, committed 9792K, reserved 1048576K
}
Event: 1842.117 GC heap before
{Heap before GC invocations=59 (full 4):
 garbage-first heap   total 151552K, used 56138K [0x00000000e0800000, 0x0000000100000000)
  region size 1024K, 29 young (29696K), 3 survivors (3072K)
 Metaspace       used 70229K, committed 71296K, reserved 1114112K
  class space    used 9446K, committed 9792K, reserved 1048576K
}
Event: 1842.211 GC heap after
{Heap after GC invocations=60 (full 4):
 garbage-first heap   total 151552K, used 30061K [0x00000000e0800000, 0x0000000100000000)
  region size 1024K, 1 young (1024K), 1 survivors (1024K)
 Metaspace       used 70229K, committed 71296K, reserved 1114112K
  class space    used 9446K, committed 9792K, reserved 1048576K
}
Event: 1870.692 GC heap before
{Heap before GC invocations=60 (full 4):
 garbage-first heap   total 151552K, used 89453K [0x00000000e0800000, 0x0000000100000000)
  region size 1024K, 60 young (61440K), 1 survivors (1024K)
 Metaspace       used 70514K, committed 71296K, reserved 1114112K
  class space    used 9477K, committed 9792K, reserved 1048576K
}
Event: 1871.254 GC heap after
{Heap after GC invocations=61 (full 4):
 garbage-first heap   total 151552K, used 34165K [0x00000000e0800000, 0x0000000100000000)
  region size 1024K, 5 young (5120K), 5 survivors (5120K)
 Metaspace       used 70514K, committed 71296K, reserved 1114112K
  class space    used 9477K, committed 9792K, reserved 1048576K
}
Event: 1937.884 GC heap before
{Heap before GC invocations=61 (full 4):
 garbage-first heap   total 151552K, used 39285K [0x00000000e0800000, 0x0000000100000000)
  region size 1024K, 11 young (11264K), 5 survivors (5120K)
 Metaspace       used 70626K, committed 71296K, reserved 1114112K
  class space    used 9484K, committed 9792K, reserved 1048576K
}
Event: 1938.203 GC heap after
{Heap after GC invocations=62 (full 4):
 garbage-first heap   total 151552K, used 34027K [0x00000000e0800000, 0x0000000100000000)
  region size 1024K, 1 young (1024K), 1 survivors (1024K)
 Metaspace       used 70626K, committed 71296K, reserved 1114112K
  class space    used 9484K, committed 9792K, reserved 1048576K
}
Event: 1953.219 GC heap before
{Heap before GC invocations=62 (full 4):
 garbage-first heap   total 151552K, used 36075K [0x00000000e0800000, 0x0000000100000000)
  region size 1024K, 4 young (4096K), 1 survivors (1024K)
 Metaspace       used 70629K, committed 71296K, reserved 1114112K
  class space    used 9484K, committed 9792K, reserved 1048576K
}
Event: 1959.668 GC heap after
{Heap after GC invocations=63 (full 5):
 garbage-first heap   total 86016K, used 24258K [0x00000000e0800000, 0x0000000100000000)
  region size 1024K, 0 young (0K), 0 survivors (0K)
 Metaspace       used 70430K, committed 71296K, reserved 1114112K
  class space    used 9435K, committed 9792K, reserved 1048576K
}
Event: 1963.899 GC heap before
{Heap before GC invocations=63 (full 5):
 garbage-first heap   total 86016K, used 57026K [0x00000000e0800000, 0x0000000100000000)
  region size 1024K, 32 young (32768K), 0 survivors (0K)
 Metaspace       used 70683K, committed 71296K, reserved 1114112K
  class space    used 9464K, committed 9792K, reserved 1048576K
}
Event: 1963.937 GC heap after
{Heap after GC invocations=64 (full 5):
 garbage-first heap   total 86016K, used 26716K [0x00000000e0800000, 0x0000000100000000)
  region size 1024K, 3 young (3072K), 3 survivors (3072K)
 Metaspace       used 70683K, committed 71296K, reserved 1114112K
  class space    used 9464K, committed 9792K, reserved 1048576K
}
Event: 1965.765 GC heap before
{Heap before GC invocations=64 (full 5):
 garbage-first heap   total 86016K, used 63580K [0x00000000e0800000, 0x0000000100000000)
  region size 1024K, 39 young (39936K), 3 survivors (3072K)
 Metaspace       used 70843K, committed 71488K, reserved 1114112K
  class space    used 9480K, committed 9792K, reserved 1048576K
}
Event: 1965.824 GC heap after
{Heap after GC invocations=65 (full 5):
 garbage-first heap   total 86016K, used 29139K [0x00000000e0800000, 0x0000000100000000)
  region size 1024K, 5 young (5120K), 5 survivors (5120K)
 Metaspace       used 70843K, committed 71488K, reserved 1114112K
  class space    used 9480K, committed 9792K, reserved 1048576K
}
Event: 1966.743 GC heap before
{Heap before GC invocations=65 (full 5):
 garbage-first heap   total 86016K, used 57811K [0x00000000e0800000, 0x0000000100000000)
  region size 1024K, 33 young (33792K), 5 survivors (5120K)
 Metaspace       used 71040K, committed 71680K, reserved 1114112K
  class space    used 9495K, committed 9792K, reserved 1048576K
}

