# JRE version: OpenJDK Runtime Environment Temurin-17.0.5+8 (17.0.5+8) (build 17.0.5+8)
# Java VM: OpenJDK 64-Bit Server VM Temurin-17.0.5+8 (17.0.5+8, mixed mode, emulated-client, tiered, compressed oops, compressed class ptrs, g1 gc, windows-amd64)
GC Precious Log:
 CPUs: 2 total, 2 available
 Memory: 2008M
 Large Page Support: Disabled
 NUMA Support: Disabled
 Compressed Oops: Enabled (32-bit)
 Heap Region Size: 1M
 Heap Min Capacity: 8M
 Heap Initial Capacity: 32M
 Heap Max Capacity: 504M
 Pre-touch: Disabled
 Parallel Workers: 2
 Concurrent Workers: 1
 Concurrent Refinement Workers: 2
 Periodic GC: Disabled
Heap:
 garbage-first heap   total 58368K, used 30605K [0x00000000e0800000, 0x0000000100000000)
  region size 1024K, 12 young (12288K), 1 survivors (1024K)
 Metaspace       used 48359K, committed 48704K, reserved 1097728K
  class space    used 6340K, committed 6528K, reserved 1048576K
GC Heap History (20 events):
Event: 10.730 GC heap before
{Heap before GC invocations=11 (full 0):
 garbage-first heap   total 39936K, used 29434K [0x00000000e0800000, 0x0000000100000000)
  region size 1024K, 19 young (19456K), 3 survivors (3072K)
 Metaspace       used 30020K, committed 30336K, reserved 1081344K
  class space    used 3684K, committed 3840K, reserved 1048576K
}
Event: 10.742 GC heap after
{Heap after GC invocations=12 (full 0):
 garbage-first heap   total 39936K, used 14126K [0x00000000e0800000, 0x0000000100000000)
  region size 1024K, 3 young (3072K), 3 survivors (3072K)
 Metaspace       used 30020K, committed 30336K, reserved 1081344K
  class space    used 3684K, committed 3840K, reserved 1048576K
}
Event: 11.847 GC heap before
{Heap before GC invocations=12 (full 0):
 garbage-first heap   total 39936K, used 30510K [0x00000000e0800000, 0x0000000100000000)
  region size 1024K, 19 young (19456K), 3 survivors (3072K)
 Metaspace       used 32346K, committed 32704K, reserved 1081344K
  class space    used 4042K, committed 4224K, reserved 1048576K
}
Event: 11.862 GC heap after
{Heap after GC invocations=13 (full 0):
 garbage-first heap   total 39936K, used 15536K [0x00000000e0800000, 0x0000000100000000)
  region size 1024K, 3 young (3072K), 3 survivors (3072K)
 Metaspace       used 32346K, committed 32704K, reserved 1081344K
  class space    used 4042K, committed 4224K, reserved 1048576K
}
Event: 12.853 GC heap before
{Heap before GC invocations=13 (full 0):
 garbage-first heap   total 39936K, used 30896K [0x00000000e0800000, 0x0000000100000000)
  region size 1024K, 18 young (18432K), 3 survivors (3072K)
 Metaspace       used 34683K, committed 35072K, reserved 1081344K
  class space    used 4395K, committed 4608K, reserved 1048576K
}
Event: 12.869 GC heap after
{Heap after GC invocations=14 (full 0):
 garbage-first heap   total 39936K, used 17294K [0x00000000e0800000, 0x0000000100000000)
  region size 1024K, 2 young (2048K), 2 survivors (2048K)
 Metaspace       used 34683K, committed 35072K, reserved 1081344K
  class space    used 4395K, committed 4608K, reserved 1048576K
}
Event: 13.988 GC heap before
{Heap before GC invocations=14 (full 0):
 garbage-first heap   total 39936K, used 25486K [0x00000000e0800000, 0x0000000100000000)
  region size 1024K, 11 young (11264K), 2 survivors (2048K)
 Metaspace       used 35666K, committed 35968K, reserved 1081344K
  class space    used 4510K, committed 4672K, reserved 1048576K
}
Event: 14.100 GC heap after
{Heap after GC invocations=15 (full 0):
 garbage-first heap   total 39936K, used 18239K [0x00000000e0800000, 0x0000000100000000)
  region size 1024K, 1 young (1024K), 1 survivors (1024K)
 Metaspace       used 35666K, committed 35968K, reserved 1081344K
  class space    used 4510K, committed 4672K, reserved 1048576K
}
Event: 17.524 GC heap before
{Heap before GC invocations=16 (full 0):
 garbage-first heap   total 39936K, used 31551K [0x00000000e0800000, 0x0000000100000000)
  region size 1024K, 14 young (14336K), 1 survivors (1024K)
 Metaspace       used 36577K, committed 36928K, reserved 1089536K
  class space    used 4633K, committed 4800K, reserved 1048576K
}
Event: 17.537 GC heap after
{Heap after GC invocations=17 (full 0):
 garbage-first heap   total 39936K, used 19052K [0x00000000e0800000, 0x0000000100000000)
  region size 1024K, 2 young (2048K), 2 survivors (2048K)
 Metaspace       used 36577K, committed 36928K, reserved 1089536K
  class space    used 4633K, committed 4800K, reserved 1048576K
}
Event: 17.610 GC heap before
{Heap before GC invocations=17 (full 0):
 garbage-first heap   total 39936K, used 20076K [0x00000000e0800000, 0x0000000100000000)
  region size 1024K, 3 young (3072K), 2 survivors (2048K)
 Metaspace       used 36577K, committed 36928K, reserved 1089536K
  class space    used 4633K, committed 4800K, reserved 1048576K
}
Event: 17.621 GC heap after
{Heap after GC invocations=18 (full 0):
 garbage-first heap   total 39936K, used 19122K [0x00000000e0800000, 0x0000000100000000)
  region size 1024K, 1 young (1024K), 1 survivors (1024K)
 Metaspace       used 36577K, committed 36928K, reserved 1089536K
  class space    used 4633K, committed 4800K, reserved 1048576K
}
Event: 18.741 GC heap before
{Heap before GC invocations=18 (full 0):
 garbage-first heap   total 39936K, used 29362K [0x00000000e0800000, 0x0000000100000000)
  region size 1024K, 12 young (12288K), 1 survivors (1024K)
 Metaspace       used 38981K, committed 39360K, reserved 1089536K
  class space    used 4955K, committed 5120K, reserved 1048576K
}
Event: 18.748 GC heap after
{Heap after GC invocations=19 (full 0):
 garbage-first heap   total 39936K, used 19479K [0x00000000e0800000, 0x0000000100000000)
  region size 1024K, 1 young (1024K), 1 survivors (1024K)
 Metaspace       used 38981K, committed 39360K, reserved 1089536K
  class space    used 4955K, committed 5120K, reserved 1048576K
}
Event: 20.942 GC heap before
{Heap before GC invocations=20 (full 0):
 garbage-first heap   total 39936K, used 30743K [0x00000000e0800000, 0x0000000100000000)
  region size 1024K, 13 young (13312K), 1 survivors (1024K)
 Metaspace       used 42190K, committed 42496K, reserved 1089536K
  class space    used 5571K, committed 5696K, reserved 1048576K
}
Event: 20.948 GC heap after
{Heap after GC invocations=21 (full 0):
 garbage-first heap   total 39936K, used 20115K [0x00000000e0800000, 0x0000000100000000)
  region size 1024K, 2 young (2048K), 2 survivors (2048K)
 Metaspace       used 42190K, committed 42496K, reserved 1089536K
  class space    used 5571K, committed 5696K, reserved 1048576K
}
Event: 21.417 GC heap before
{Heap before GC invocations=21 (full 0):
 garbage-first heap   total 39936K, used 20115K [0x00000000e0800000, 0x0000000100000000)
  region size 1024K, 3 young (3072K), 2 survivors (2048K)
 Metaspace       used 42449K, committed 42816K, reserved 1089536K
  class space    used 5605K, committed 5760K, reserved 1048576K
}
Event: 21.426 GC heap after
{Heap after GC invocations=22 (full 0):
 garbage-first heap   total 39936K, used 19810K [0x00000000e0800000, 0x0000000100000000)
  region size 1024K, 1 young (1024K), 1 survivors (1024K)
 Metaspace       used 42449K, committed 42816K, reserved 1089536K
  class space    used 5605K, committed 5760K, reserved 1048576K
}
Event: 25.396 GC heap before
{Heap before GC invocations=22 (full 0):
 garbage-first heap   total 39936K, used 30050K [0x00000000e0800000, 0x0000000100000000)
  region size 1024K, 12 young (12288K), 1 survivors (1024K)
 Metaspace       used 45839K, committed 46208K, reserved 1089536K
  class space    used 6016K, committed 6208K, reserved 1048576K
}
Event: 25.402 GC heap after
{Heap after GC invocations=23 (full 0):
 garbage-first heap   total 58368K, used 20365K [0x00000000e0800000, 0x0000000100000000)
  region size 1024K, 1 young (1024K), 1 survivors (1024K)
 Metaspace       used 45839K, committed 46208K, reserved 1089536K
  class space    used 6016K, committed 6208K, reserved 1048576K
}

