# JRE version: OpenJDK Runtime Environment Temurin-17.0.5+8 (17.0.5+8) (build 17.0.5+8)
# Java VM: OpenJDK 64-Bit Server VM Temurin-17.0.5+8 (17.0.5+8, mixed mode, emulated-client, tiered, compressed oops, compressed class ptrs, g1 gc, windows-amd64)
GC Precious Log:
 CPUs: 2 total, 2 available
 Memory: 2008M
 Large Page Support: Disabled
 NUMA Support: Disabled
 Compressed Oops: Enabled (32-bit)
 Heap Region Size: 1M
 Heap Min Capacity: 8M
 Heap Initial Capacity: 32M
 Heap Max Capacity: 504M
 Pre-touch: Disabled
 Parallel Workers: 2
 Concurrent Workers: 1
 Concurrent Refinement Workers: 2
 Periodic GC: Disabled
Heap:
 garbage-first heap   total 55296K, used 26951K [0x00000000e0800000, 0x0000000100000000)
  region size 1024K, 1 young (1024K), 1 survivors (1024K)
 Metaspace       used 66787K, committed 67200K, reserved 1114112K
  class space    used 9018K, committed 9216K, reserved 1048576K
GC Heap History (20 events):
Event: 34.942 GC heap after
{Heap after GC invocations=30 (full 0):
 garbage-first heap   total 52224K, used 27747K [0x00000000e0800000, 0x0000000100000000)
  region size 1024K, 2 young (2048K), 2 survivors (2048K)
 Metaspace       used 60335K, committed 60800K, reserved 1105920K
  class space    used 8198K, committed 8448K, reserved 1048576K
}
Event: 123.887 GC heap before
{Heap before GC invocations=31 (full 0):
 garbage-first heap   total 55296K, used 42083K [0x00000000e0800000, 0x0000000100000000)
  region size 1024K, 16 young (16384K), 2 survivors (2048K)
 Metaspace       used 61098K, committed 61504K, reserved 1105920K
  class space    used 8305K, committed 8512K, reserved 1048576K
}
Event: 123.901 GC heap after
{Heap after GC invocations=32 (full 0):
 garbage-first heap   total 55296K, used 28533K [0x00000000e0800000, 0x0000000100000000)
  region size 1024K, 2 young (2048K), 2 survivors (2048K)
 Metaspace       used 61098K, committed 61504K, reserved 1105920K
  class space    used 8305K, committed 8512K, reserved 1048576K
}
Event: 350.225 GC heap before
{Heap before GC invocations=32 (full 0):
 garbage-first heap   total 55296K, used 43893K [0x00000000e0800000, 0x0000000100000000)
  region size 1024K, 17 young (17408K), 2 survivors (2048K)
 Metaspace       used 61112K, committed 61568K, reserved 1105920K
  class space    used 8307K, committed 8512K, reserved 1048576K
}
Event: 350.375 GC heap after
{Heap after GC invocations=33 (full 0):
 garbage-first heap   total 55296K, used 28348K [0x00000000e0800000, 0x0000000100000000)
  region size 1024K, 1 young (1024K), 1 survivors (1024K)
 Metaspace       used 61112K, committed 61568K, reserved 1105920K
  class space    used 8307K, committed 8512K, reserved 1048576K
}
Event: 412.628 GC heap before
{Heap before GC invocations=34 (full 0):
 garbage-first heap   total 55296K, used 44732K [0x00000000e0800000, 0x0000000100000000)
  region size 1024K, 18 young (18432K), 1 survivors (1024K)
 Metaspace       used 64402K, committed 64768K, reserved 1105920K
  class space    used 8735K, committed 8896K, reserved 1048576K
}
Event: 412.667 GC heap after
{Heap after GC invocations=35 (full 0):
 garbage-first heap   total 55296K, used 29353K [0x00000000e0800000, 0x0000000100000000)
  region size 1024K, 2 young (2048K), 2 survivors (2048K)
 Metaspace       used 64402K, committed 64768K, reserved 1105920K
  class space    used 8735K, committed 8896K, reserved 1048576K
}
Event: 412.772 GC heap before
{Heap before GC invocations=35 (full 0):
 garbage-first heap   total 55296K, used 29353K [0x00000000e0800000, 0x0000000100000000)
  region size 1024K, 3 young (3072K), 2 survivors (2048K)
 Metaspace       used 64775K, committed 65216K, reserved 1105920K
  class space    used 8769K, committed 8960K, reserved 1048576K
}
Event: 412.864 GC heap after
{Heap after GC invocations=36 (full 0):
 garbage-first heap   total 55296K, used 27013K [0x00000000e0800000, 0x0000000100000000)
  region size 1024K, 1 young (1024K), 1 survivors (1024K)
 Metaspace       used 64775K, committed 65216K, reserved 1105920K
  class space    used 8769K, committed 8960K, reserved 1048576K
}
Event: 515.817 GC heap before
{Heap before GC invocations=36 (full 0):
 garbage-first heap   total 55296K, used 44421K [0x00000000e0800000, 0x0000000100000000)
  region size 1024K, 18 young (18432K), 1 survivors (1024K)
 Metaspace       used 66801K, committed 67200K, reserved 1114112K
  class space    used 9020K, committed 9216K, reserved 1048576K
}
Event: 516.412 GC heap after
{Heap after GC invocations=37 (full 0):
 garbage-first heap   total 55296K, used 27626K [0x00000000e0800000, 0x0000000100000000)
  region size 1024K, 1 young (1024K), 1 survivors (1024K)
 Metaspace       used 66801K, committed 67200K, reserved 1114112K
  class space    used 9020K, committed 9216K, reserved 1048576K
}
Event: 659.176 GC heap before
{Heap before GC invocations=38 (full 0):
 garbage-first heap   total 55296K, used 36842K [0x00000000e0800000, 0x0000000100000000)
  region size 1024K, 10 young (10240K), 1 survivors (1024K)
 Metaspace       used 66773K, committed 67200K, reserved 1114112K
  class space    used 9013K, committed 9216K, reserved 1048576K
}
Event: 660.218 GC heap after
{Heap after GC invocations=39 (full 0):
 garbage-first heap   total 55296K, used 27435K [0x00000000e0800000, 0x0000000100000000)
  region size 1024K, 1 young (1024K), 1 survivors (1024K)
 Metaspace       used 66773K, committed 67200K, reserved 1114112K
  class space    used 9013K, committed 9216K, reserved 1048576K
}
Event: 676.901 GC heap before
{Heap before GC invocations=39 (full 0):
 garbage-first heap   total 55296K, used 28459K [0x00000000e0800000, 0x0000000100000000)
  region size 1024K, 2 young (2048K), 1 survivors (1024K)
 Metaspace       used 66773K, committed 67200K, reserved 1114112K
  class space    used 9013K, committed 9216K, reserved 1048576K
}
Event: 677.686 GC heap after
{Heap after GC invocations=40 (full 0):
 garbage-first heap   total 55296K, used 27058K [0x00000000e0800000, 0x0000000100000000)
  region size 1024K, 1 young (1024K), 1 survivors (1024K)
 Metaspace       used 66773K, committed 67200K, reserved 1114112K
  class space    used 9013K, committed 9216K, reserved 1048576K
}
Event: 690.034 GC heap before
{Heap before GC invocations=40 (full 0):
 garbage-first heap   total 55296K, used 28082K [0x00000000e0800000, 0x0000000100000000)
  region size 1024K, 2 young (2048K), 1 survivors (1024K)
 Metaspace       used 66773K, committed 67200K, reserved 1114112K
  class space    used 9013K, committed 9216K, reserved 1048576K
}
Event: 691.181 GC heap after
{Heap after GC invocations=41 (full 0):
 garbage-first heap   total 55296K, used 26824K [0x00000000e0800000, 0x0000000100000000)
  region size 1024K, 1 young (1024K), 1 survivors (1024K)
 Metaspace       used 66773K, committed 67200K, reserved 1114112K
  class space    used 9013K, committed 9216K, reserved 1048576K
}
Event: 697.384 GC heap before
{Heap before GC invocations=41 (full 0):
 garbage-first heap   total 55296K, used 27848K [0x00000000e0800000, 0x0000000100000000)
  region size 1024K, 2 young (2048K), 1 survivors (1024K)
 Metaspace       used 66787K, committed 67200K, reserved 1114112K
  class space    used 9018K, committed 9216K, reserved 1048576K
}
Event: 697.829 GC heap after
{Heap after GC invocations=42 (full 0):
 garbage-first heap   total 55296K, used 26781K [0x00000000e0800000, 0x0000000100000000)
  region size 1024K, 1 young (1024K), 1 survivors (1024K)
 Metaspace       used 66787K, committed 67200K, reserved 1114112K
  class space    used 9018K, committed 9216K, reserved 1048576K
}
Event: 710.092 GC heap before
{Heap before GC invocations=42 (full 0):
 garbage-first heap   total 55296K, used 27805K [0x00000000e0800000, 0x0000000100000000)
  region size 1024K, 2 young (2048K), 1 survivors (1024K)
 Metaspace       used 66787K, committed 67200K, reserved 1114112K
  class space    used 9018K, committed 9216K, reserved 1048576K
}

