# JRE version: OpenJDK Runtime Environment Temurin-17.0.5+8 (17.0.5+8) (build 17.0.5+8)
# Java VM: OpenJDK 64-Bit Server VM Temurin-17.0.5+8 (17.0.5+8, mixed mode, emulated-client, tiered, compressed oops, compressed class ptrs, g1 gc, windows-amd64)
GC Precious Log:
 CPUs: 2 total, 2 available
 Memory: 2008M
 Large Page Support: Disabled
 NUMA Support: Disabled
 Compressed Oops: Enabled (32-bit)
 Heap Region Size: 1M
 Heap Min Capacity: 8M
 Heap Initial Capacity: 32M
 Heap Max Capacity: 504M
 Pre-touch: Disabled
 Parallel Workers: 2
 Concurrent Workers: 1
 Concurrent Refinement Workers: 2
 Periodic GC: Disabled
Heap:
 garbage-first heap   total 81920K, used 28802K [0x00000000e0800000, 0x0000000100000000)
  region size 1024K, 5 young (5120K), 5 survivors (5120K)
 Metaspace       used 69172K, committed 69632K, reserved 1114112K
  class space    used 9293K, committed 9536K, reserved 1048576K
GC Heap History (20 events):
Event: 22.708 GC heap after
{Heap after GC invocations=27 (full 0):
 garbage-first heap   total 96256K, used 24941K [0x00000000e0800000, 0x0000000100000000)
  region size 1024K, 1 young (1024K), 1 survivors (1024K)
 Metaspace       used 57228K, committed 57600K, reserved 1105920K
  class space    used 7721K, committed 7872K, reserved 1048576K
}
Event: 25.169 GC heap before
{Heap before GC invocations=27 (full 0):
 garbage-first heap   total 96256K, used 75117K [0x00000000e0800000, 0x0000000100000000)
  region size 1024K, 50 young (51200K), 1 survivors (1024K)
 Metaspace       used 60625K, committed 61120K, reserved 1105920K
  class space    used 8210K, committed 8448K, reserved 1048576K
}
Event: 25.193 GC heap after
{Heap after GC invocations=28 (full 0):
 garbage-first heap   total 96256K, used 26817K [0x00000000e0800000, 0x0000000100000000)
  region size 1024K, 3 young (3072K), 3 survivors (3072K)
 Metaspace       used 60625K, committed 61120K, reserved 1105920K
  class space    used 8210K, committed 8448K, reserved 1048576K
}
Event: 34.431 GC heap before
{Heap before GC invocations=28 (full 0):
 garbage-first heap   total 96256K, used 75969K [0x00000000e0800000, 0x0000000100000000)
  region size 1024K, 52 young (53248K), 3 survivors (3072K)
 Metaspace       used 65467K, committed 65984K, reserved 1114112K
  class space    used 8862K, committed 9088K, reserved 1048576K
}
Event: 34.487 GC heap after
{Heap after GC invocations=29 (full 0):
 garbage-first heap   total 96256K, used 30615K [0x00000000e0800000, 0x0000000100000000)
  region size 1024K, 6 young (6144K), 6 survivors (6144K)
 Metaspace       used 65467K, committed 65984K, reserved 1114112K
  class space    used 8862K, committed 9088K, reserved 1048576K
}
Event: 3112.930 GC heap before
{Heap before GC invocations=29 (full 0):
 garbage-first heap   total 96256K, used 64407K [0x00000000e0800000, 0x0000000100000000)
  region size 1024K, 40 young (40960K), 6 survivors (6144K)
 Metaspace       used 67825K, committed 68288K, reserved 1114112K
  class space    used 9188K, committed 9408K, reserved 1048576K
}
Event: 3114.592 GC heap after
{Heap after GC invocations=30 (full 1):
 garbage-first heap   total 89088K, used 25330K [0x00000000e0800000, 0x0000000100000000)
  region size 1024K, 0 young (0K), 0 survivors (0K)
 Metaspace       used 67818K, committed 68288K, reserved 1114112K
  class space    used 9186K, committed 9408K, reserved 1048576K
}
Event: 3132.593 GC heap before
{Heap before GC invocations=30 (full 1):
 garbage-first heap   total 89088K, used 69362K [0x00000000e0800000, 0x0000000100000000)
  region size 1024K, 44 young (45056K), 0 survivors (0K)
 Metaspace       used 68074K, committed 68544K, reserved 1114112K
  class space    used 9217K, committed 9472K, reserved 1048576K
}
Event: 3132.693 GC heap after
{Heap after GC invocations=31 (full 1):
 garbage-first heap   total 89088K, used 28877K [0x00000000e0800000, 0x0000000100000000)
  region size 1024K, 4 young (4096K), 4 survivors (4096K)
 Metaspace       used 68074K, committed 68544K, reserved 1114112K
  class space    used 9217K, committed 9472K, reserved 1048576K
}
Event: 3145.908 GC heap before
{Heap before GC invocations=31 (full 1):
 garbage-first heap   total 89088K, used 69837K [0x00000000e0800000, 0x0000000100000000)
  region size 1024K, 44 young (45056K), 4 survivors (4096K)
 Metaspace       used 68379K, committed 68864K, reserved 1114112K
  class space    used 9243K, committed 9472K, reserved 1048576K
}
Event: 3145.976 GC heap after
{Heap after GC invocations=32 (full 1):
 garbage-first heap   total 89088K, used 31129K [0x00000000e0800000, 0x0000000100000000)
  region size 1024K, 6 young (6144K), 6 survivors (6144K)
 Metaspace       used 68379K, committed 68864K, reserved 1114112K
  class space    used 9243K, committed 9472K, reserved 1048576K
}
Event: 3146.969 GC heap before
{Heap before GC invocations=32 (full 1):
 garbage-first heap   total 89088K, used 71065K [0x00000000e0800000, 0x0000000100000000)
  region size 1024K, 45 young (46080K), 6 survivors (6144K)
 Metaspace       used 68622K, committed 69184K, reserved 1114112K
  class space    used 9267K, committed 9536K, reserved 1048576K
}
Event: 3147.044 GC heap after
{Heap after GC invocations=33 (full 1):
 garbage-first heap   total 89088K, used 32281K [0x00000000e0800000, 0x0000000100000000)
  region size 1024K, 4 young (4096K), 4 survivors (4096K)
 Metaspace       used 68622K, committed 69184K, reserved 1114112K
  class space    used 9267K, committed 9536K, reserved 1048576K
}
Event: 3148.613 GC heap before
{Heap before GC invocations=33 (full 1):
 garbage-first heap   total 89088K, used 72217K [0x00000000e0800000, 0x0000000100000000)
  region size 1024K, 43 young (44032K), 4 survivors (4096K)
 Metaspace       used 68820K, committed 69312K, reserved 1114112K
  class space    used 9281K, committed 9536K, reserved 1048576K
}
Event: 3148.681 GC heap after
{Heap after GC invocations=34 (full 1):
 garbage-first heap   total 89088K, used 33973K [0x00000000e0800000, 0x0000000100000000)
  region size 1024K, 3 young (3072K), 3 survivors (3072K)
 Metaspace       used 68820K, committed 69312K, reserved 1114112K
  class space    used 9281K, committed 9536K, reserved 1048576K
}
Event: 3150.452 GC heap before
{Heap before GC invocations=34 (full 1):
 garbage-first heap   total 89088K, used 45237K [0x00000000e0800000, 0x0000000100000000)
  region size 1024K, 15 young (15360K), 3 survivors (3072K)
 Metaspace       used 68850K, committed 69376K, reserved 1114112K
  class space    used 9283K, committed 9536K, reserved 1048576K
}
Event: 3151.731 GC heap after
{Heap after GC invocations=35 (full 2):
 garbage-first heap   total 81920K, used 23682K [0x00000000e0800000, 0x0000000100000000)
  region size 1024K, 0 young (0K), 0 survivors (0K)
 Metaspace       used 68673K, committed 69376K, reserved 1114112K
  class space    used 9246K, committed 9536K, reserved 1048576K
}
Event: 3153.273 GC heap before
{Heap before GC invocations=35 (full 2):
 garbage-first heap   total 81920K, used 65666K [0x00000000e0800000, 0x0000000100000000)
  region size 1024K, 41 young (41984K), 0 survivors (0K)
 Metaspace       used 68920K, committed 69440K, reserved 1114112K
  class space    used 9273K, committed 9536K, reserved 1048576K
}
Event: 3153.322 GC heap after
{Heap after GC invocations=36 (full 2):
 garbage-first heap   total 81920K, used 26754K [0x00000000e0800000, 0x0000000100000000)
  region size 1024K, 3 young (3072K), 3 survivors (3072K)
 Metaspace       used 68920K, committed 69440K, reserved 1114112K
  class space    used 9273K, committed 9536K, reserved 1048576K
}
Event: 3155.366 GC heap before
{Heap before GC invocations=36 (full 2):
 garbage-first heap   total 81920K, used 64642K [0x00000000e0800000, 0x0000000100000000)
  region size 1024K, 41 young (41984K), 3 survivors (3072K)
 Metaspace       used 69172K, committed 69632K, reserved 1114112K
  class space    used 9293K, committed 9536K, reserved 1048576K
}

