# JRE version: OpenJDK Runtime Environment Temurin-17.0.5+8 (17.0.5+8) (build 17.0.5+8)
# Java VM: OpenJDK 64-Bit Server VM Temurin-17.0.5+8 (17.0.5+8, mixed mode, emulated-client, tiered, compressed oops, compressed class ptrs, g1 gc, windows-amd64)
GC Precious Log:
 CPUs: 2 total, 2 available
 Memory: 2008M
 Large Page Support: Disabled
 NUMA Support: Disabled
 Compressed Oops: Enabled (32-bit)
 Heap Region Size: 1M
 Heap Min Capacity: 8M
 Heap Initial Capacity: 32M
 Heap Max Capacity: 504M
 Pre-touch: Disabled
 Parallel Workers: 2
 Concurrent Workers: 1
 Concurrent Refinement Workers: 2
 Periodic GC: Disabled
Heap:
 garbage-first heap   total 54272K, used 37449K [0x00000000e0800000, 0x0000000100000000)
  region size 1024K, 18 young (18432K), 1 survivors (1024K)
 Metaspace       used 54758K, committed 55040K, reserved 1097728K
  class space    used 7372K, committed 7488K, reserved 1048576K
GC Heap History (20 events):
Event: 17.596 GC heap before
{Heap before GC invocations=11 (full 0):
 garbage-first heap   total 44032K, used 33590K [0x00000000e0800000, 0x0000000100000000)
  region size 1024K, 23 young (23552K), 3 survivors (3072K)
 Metaspace       used 33084K, committed 33472K, reserved 1081344K
  class space    used 4167K, committed 4352K, reserved 1048576K
}
Event: 17.650 GC heap after
{Heap after GC invocations=12 (full 0):
 garbage-first heap   total 44032K, used 14760K [0x00000000e0800000, 0x0000000100000000)
  region size 1024K, 3 young (3072K), 3 survivors (3072K)
 Metaspace       used 33084K, committed 33472K, reserved 1081344K
  class space    used 4167K, committed 4352K, reserved 1048576K
}
Event: 19.305 GC heap before
{Heap before GC invocations=12 (full 0):
 garbage-first heap   total 44032K, used 32168K [0x00000000e0800000, 0x0000000100000000)
  region size 1024K, 21 young (21504K), 3 survivors (3072K)
 Metaspace       used 35609K, committed 35968K, reserved 1081344K
  class space    used 4505K, committed 4672K, reserved 1048576K
}
Event: 19.326 GC heap after
{Heap after GC invocations=13 (full 0):
 garbage-first heap   total 44032K, used 16817K [0x00000000e0800000, 0x0000000100000000)
  region size 1024K, 2 young (2048K), 2 survivors (2048K)
 Metaspace       used 35609K, committed 35968K, reserved 1081344K
  class space    used 4505K, committed 4672K, reserved 1048576K
}
Event: 19.335 GC heap before
{Heap before GC invocations=13 (full 0):
 garbage-first heap   total 44032K, used 16817K [0x00000000e0800000, 0x0000000100000000)
  region size 1024K, 3 young (3072K), 2 survivors (2048K)
 Metaspace       used 35638K, committed 35968K, reserved 1081344K
  class space    used 4508K, committed 4672K, reserved 1048576K
}
Event: 19.343 GC heap after
{Heap after GC invocations=14 (full 0):
 garbage-first heap   total 44032K, used 17573K [0x00000000e0800000, 0x0000000100000000)
  region size 1024K, 1 young (1024K), 1 survivors (1024K)
 Metaspace       used 35638K, committed 35968K, reserved 1081344K
  class space    used 4508K, committed 4672K, reserved 1048576K
}
Event: 21.396 GC heap before
{Heap before GC invocations=15 (full 0):
 garbage-first heap   total 44032K, used 32933K [0x00000000e0800000, 0x0000000100000000)
  region size 1024K, 17 young (17408K), 1 survivors (1024K)
 Metaspace       used 36907K, committed 37312K, reserved 1081344K
  class space    used 4686K, committed 4864K, reserved 1048576K
}
Event: 21.406 GC heap after
{Heap after GC invocations=16 (full 0):
 garbage-first heap   total 44032K, used 18390K [0x00000000e0800000, 0x0000000100000000)
  region size 1024K, 2 young (2048K), 2 survivors (2048K)
 Metaspace       used 36907K, committed 37312K, reserved 1081344K
  class space    used 4686K, committed 4864K, reserved 1048576K
}
Event: 25.522 GC heap before
{Heap before GC invocations=16 (full 0):
 garbage-first heap   total 44032K, used 32726K [0x00000000e0800000, 0x0000000100000000)
  region size 1024K, 17 young (17408K), 2 survivors (2048K)
 Metaspace       used 40626K, committed 40960K, reserved 1089536K
  class space    used 5267K, committed 5440K, reserved 1048576K
}
Event: 25.603 GC heap after
{Heap after GC invocations=17 (full 0):
 garbage-first heap   total 44032K, used 19104K [0x00000000e0800000, 0x0000000100000000)
  region size 1024K, 2 young (2048K), 2 survivors (2048K)
 Metaspace       used 40626K, committed 40960K, reserved 1089536K
  class space    used 5267K, committed 5440K, reserved 1048576K
}
Event: 30.817 GC heap before
{Heap before GC invocations=17 (full 0):
 garbage-first heap   total 44032K, used 33440K [0x00000000e0800000, 0x0000000100000000)
  region size 1024K, 17 young (17408K), 2 survivors (2048K)
 Metaspace       used 45122K, committed 45504K, reserved 1089536K
  class space    used 5930K, committed 6144K, reserved 1048576K
}
Event: 30.846 GC heap after
{Heap after GC invocations=18 (full 0):
 garbage-first heap   total 44032K, used 20182K [0x00000000e0800000, 0x0000000100000000)
  region size 1024K, 2 young (2048K), 2 survivors (2048K)
 Metaspace       used 45122K, committed 45504K, reserved 1089536K
  class space    used 5930K, committed 6144K, reserved 1048576K
}
Event: 42.066 GC heap before
{Heap before GC invocations=18 (full 0):
 garbage-first heap   total 44032K, used 34518K [0x00000000e0800000, 0x0000000100000000)
  region size 1024K, 16 young (16384K), 2 survivors (2048K)
 Metaspace       used 48298K, committed 48704K, reserved 1097728K
  class space    used 6339K, committed 6528K, reserved 1048576K
}
Event: 42.098 GC heap after
{Heap after GC invocations=19 (full 0):
 garbage-first heap   total 44032K, used 21353K [0x00000000e0800000, 0x0000000100000000)
  region size 1024K, 2 young (2048K), 2 survivors (2048K)
 Metaspace       used 48298K, committed 48704K, reserved 1097728K
  class space    used 6339K, committed 6528K, reserved 1048576K
}
Event: 51.754 GC heap before
{Heap before GC invocations=19 (full 0):
 garbage-first heap   total 44032K, used 34665K [0x00000000e0800000, 0x0000000100000000)
  region size 1024K, 15 young (15360K), 2 survivors (2048K)
 Metaspace       used 51088K, committed 51456K, reserved 1097728K
  class space    used 6846K, committed 7040K, reserved 1048576K
}
Event: 51.764 GC heap after
{Heap after GC invocations=20 (full 0):
 garbage-first heap   total 44032K, used 22138K [0x00000000e0800000, 0x0000000100000000)
  region size 1024K, 1 young (1024K), 1 survivors (1024K)
 Metaspace       used 51088K, committed 51456K, reserved 1097728K
  class space    used 6846K, committed 7040K, reserved 1048576K
}
Event: 56.630 GC heap before
{Heap before GC invocations=21 (full 0):
 garbage-first heap   total 44032K, used 35450K [0x00000000e0800000, 0x0000000100000000)
  region size 1024K, 14 young (14336K), 1 survivors (1024K)
 Metaspace       used 51899K, committed 52160K, reserved 1097728K
  class space    used 6982K, committed 7104K, reserved 1048576K
}
Event: 56.662 GC heap after
{Heap after GC invocations=22 (full 0):
 garbage-first heap   total 54272K, used 22516K [0x00000000e0800000, 0x0000000100000000)
  region size 1024K, 2 young (2048K), 2 survivors (2048K)
 Metaspace       used 51899K, committed 52160K, reserved 1097728K
  class space    used 6982K, committed 7104K, reserved 1048576K
}
Event: 57.406 GC heap before
{Heap before GC invocations=22 (full 0):
 garbage-first heap   total 54272K, used 23540K [0x00000000e0800000, 0x0000000100000000)
  region size 1024K, 3 young (3072K), 2 survivors (2048K)
 Metaspace       used 52135K, committed 52416K, reserved 1097728K
  class space    used 7018K, committed 7168K, reserved 1048576K
}
Event: 57.448 GC heap after
{Heap after GC invocations=23 (full 0):
 garbage-first heap   total 54272K, used 21065K [0x00000000e0800000, 0x0000000100000000)
  region size 1024K, 1 young (1024K), 1 survivors (1024K)
 Metaspace       used 52135K, committed 52416K, reserved 1097728K
  class space    used 7018K, committed 7168K, reserved 1048576K
}

