# JRE version: OpenJDK Runtime Environment Temurin-17.0.5+8 (17.0.5+8) (build 17.0.5+8)
# Java VM: OpenJDK 64-Bit Server VM Temurin-17.0.5+8 (17.0.5+8, mixed mode, emulated-client, tiered, compressed oops, compressed class ptrs, g1 gc, windows-amd64)
GC Precious Log:
 CPUs: 2 total, 2 available
 Memory: 2008M
 Large Page Support: Disabled
 NUMA Support: Disabled
 Compressed Oops: Enabled (32-bit)
 Heap Region Size: 1M
 Heap Min Capacity: 8M
 Heap Initial Capacity: 32M
 Heap Max Capacity: 504M
 Pre-touch: Disabled
 Parallel Workers: 2
 Concurrent Workers: 1
 Concurrent Refinement Workers: 2
 Periodic GC: Disabled
Heap:
 garbage-first heap   total 81920K, used 27232K [0x00000000e0800000, 0x0000000100000000)
  region size 1024K, 1 young (1024K), 1 survivors (1024K)
 Metaspace       used 70011K, committed 70592K, reserved 1114112K
  class space    used 9418K, committed 9664K, reserved 1048576K
GC Heap History (20 events):
Event: 5077.173 GC heap after
{Heap after GC invocations=64 (full 4):
 garbage-first heap   total 71680K, used 20729K [0x00000000e0800000, 0x0000000100000000)
  region size 1024K, 0 young (0K), 0 survivors (0K)
 Metaspace       used 68784K, committed 69568K, reserved 1114112K
  class space    used 9277K, committed 9600K, reserved 1048576K
}
Event: 5085.258 GC heap before
{Heap before GC invocations=64 (full 4):
 garbage-first heap   total 71680K, used 57593K [0x00000000e0800000, 0x0000000100000000)
  region size 1024K, 36 young (36864K), 0 survivors (0K)
 Metaspace       used 69007K, committed 69568K, reserved 1114112K
  class space    used 9313K, committed 9600K, reserved 1048576K
}
Event: 5085.317 GC heap after
{Heap after GC invocations=65 (full 4):
 garbage-first heap   total 71680K, used 24276K [0x00000000e0800000, 0x0000000100000000)
  region size 1024K, 4 young (4096K), 4 survivors (4096K)
 Metaspace       used 69007K, committed 69568K, reserved 1114112K
  class space    used 9313K, committed 9600K, reserved 1048576K
}
Event: 5090.092 GC heap before
{Heap before GC invocations=65 (full 4):
 garbage-first heap   total 71680K, used 56020K [0x00000000e0800000, 0x0000000100000000)
  region size 1024K, 35 young (35840K), 4 survivors (4096K)
 Metaspace       used 69211K, committed 69760K, reserved 1114112K
  class space    used 9334K, committed 9600K, reserved 1048576K
}
Event: 5090.167 GC heap after
{Heap after GC invocations=66 (full 4):
 garbage-first heap   total 71680K, used 26773K [0x00000000e0800000, 0x0000000100000000)
  region size 1024K, 3 young (3072K), 3 survivors (3072K)
 Metaspace       used 69211K, committed 69760K, reserved 1114112K
  class space    used 9334K, committed 9600K, reserved 1048576K
}
Event: 5091.131 GC heap before
{Heap before GC invocations=66 (full 4):
 garbage-first heap   total 71680K, used 56469K [0x00000000e0800000, 0x0000000100000000)
  region size 1024K, 32 young (32768K), 3 survivors (3072K)
 Metaspace       used 69356K, committed 69888K, reserved 1114112K
  class space    used 9344K, committed 9600K, reserved 1048576K
}
Event: 5091.218 GC heap after
{Heap after GC invocations=67 (full 4):
 garbage-first heap   total 71680K, used 28644K [0x00000000e0800000, 0x0000000100000000)
  region size 1024K, 2 young (2048K), 2 survivors (2048K)
 Metaspace       used 69356K, committed 69888K, reserved 1114112K
  class space    used 9344K, committed 9600K, reserved 1048576K
}
Event: 5092.792 GC heap before
{Heap before GC invocations=67 (full 4):
 garbage-first heap   total 71680K, used 57316K [0x00000000e0800000, 0x0000000100000000)
  region size 1024K, 30 young (30720K), 2 survivors (2048K)
 Metaspace       used 69506K, committed 70080K, reserved 1114112K
  class space    used 9363K, committed 9664K, reserved 1048576K
}
Event: 5093.093 GC heap after
{Heap after GC invocations=68 (full 4):
 garbage-first heap   total 182272K, used 30455K [0x00000000e0800000, 0x0000000100000000)
  region size 1024K, 4 young (4096K), 4 survivors (4096K)
 Metaspace       used 69506K, committed 70080K, reserved 1114112K
  class space    used 9363K, committed 9664K, reserved 1048576K
}
Event: 5093.498 GC heap before
{Heap before GC invocations=68 (full 4):
 garbage-first heap   total 182272K, used 34551K [0x00000000e0800000, 0x0000000100000000)
  region size 1024K, 8 young (8192K), 4 survivors (4096K)
 Metaspace       used 69511K, committed 70080K, reserved 1114112K
  class space    used 9364K, committed 9664K, reserved 1048576K
}
Event: 5093.989 GC heap after
{Heap after GC invocations=69 (full 4):
 garbage-first heap   total 182272K, used 30947K [0x00000000e0800000, 0x0000000100000000)
  region size 1024K, 1 young (1024K), 1 survivors (1024K)
 Metaspace       used 69511K, committed 70080K, reserved 1114112K
  class space    used 9364K, committed 9664K, reserved 1048576K
}
Event: 5094.097 GC heap before
{Heap before GC invocations=69 (full 4):
 garbage-first heap   total 182272K, used 38115K [0x00000000e0800000, 0x0000000100000000)
  region size 1024K, 8 young (8192K), 1 survivors (1024K)
 Metaspace       used 69539K, committed 70144K, reserved 1114112K
  class space    used 9366K, committed 9664K, reserved 1048576K
}
Event: 5094.106 GC heap after
{Heap after GC invocations=70 (full 4):
 garbage-first heap   total 182272K, used 31250K [0x00000000e0800000, 0x0000000100000000)
  region size 1024K, 1 young (1024K), 1 survivors (1024K)
 Metaspace       used 69539K, committed 70144K, reserved 1114112K
  class space    used 9366K, committed 9664K, reserved 1048576K
}
Event: 5097.232 GC heap before
{Heap before GC invocations=70 (full 4):
 garbage-first heap   total 182272K, used 38418K [0x00000000e0800000, 0x0000000100000000)
  region size 1024K, 9 young (9216K), 1 survivors (1024K)
 Metaspace       used 69581K, committed 70144K, reserved 1114112K
  class space    used 9370K, committed 9664K, reserved 1048576K
}
Event: 5099.642 GC heap after
{Heap after GC invocations=71 (full 5):
 garbage-first heap   total 81920K, used 23523K [0x00000000e0800000, 0x0000000100000000)
  region size 1024K, 0 young (0K), 0 survivors (0K)
 Metaspace       used 69485K, committed 70144K, reserved 1114112K
  class space    used 9345K, committed 9664K, reserved 1048576K
}
Event: 5106.064 GC heap before
{Heap before GC invocations=71 (full 5):
 garbage-first heap   total 81920K, used 46051K [0x00000000e0800000, 0x0000000100000000)
  region size 1024K, 22 young (22528K), 0 survivors (0K)
 Metaspace       used 69529K, committed 70144K, reserved 1114112K
  class space    used 9354K, committed 9664K, reserved 1048576K
}
Event: 5106.071 GC heap after
{Heap after GC invocations=72 (full 5):
 garbage-first heap   total 81920K, used 25241K [0x00000000e0800000, 0x0000000100000000)
  region size 1024K, 2 young (2048K), 2 survivors (2048K)
 Metaspace       used 69529K, committed 70144K, reserved 1114112K
  class space    used 9354K, committed 9664K, reserved 1048576K
}
Event: 5107.816 GC heap before
{Heap before GC invocations=72 (full 5):
 garbage-first heap   total 81920K, used 50841K [0x00000000e0800000, 0x0000000100000000)
  region size 1024K, 27 young (27648K), 2 survivors (2048K)
 Metaspace       used 69684K, committed 70272K, reserved 1114112K
  class space    used 9373K, committed 9664K, reserved 1048576K
}
Event: 5108.016 GC heap after
{Heap after GC invocations=73 (full 5):
 garbage-first heap   total 81920K, used 27173K [0x00000000e0800000, 0x0000000100000000)
  region size 1024K, 4 young (4096K), 4 survivors (4096K)
 Metaspace       used 69684K, committed 70272K, reserved 1114112K
  class space    used 9373K, committed 9664K, reserved 1048576K
}
Event: 5108.728 GC heap before
{Heap before GC invocations=73 (full 5):
 garbage-first heap   total 81920K, used 42533K [0x00000000e0800000, 0x0000000100000000)
  region size 1024K, 19 young (19456K), 4 survivors (4096K)
 Metaspace       used 70011K, committed 70592K, reserved 1114112K
  class space    used 9418K, committed 9664K, reserved 1048576K
}

