# JRE version: OpenJDK Runtime Environment Temurin-17.0.5+8 (17.0.5+8) (build 17.0.5+8)
# Java VM: OpenJDK 64-Bit Server VM Temurin-17.0.5+8 (17.0.5+8, mixed mode, emulated-client, tiered, compressed oops, compressed class ptrs, g1 gc, windows-amd64)
GC Precious Log:
 CPUs: 2 total, 2 available
 Memory: 2008M
 Large Page Support: Disabled
 NUMA Support: Disabled
 Compressed Oops: Enabled (32-bit)
 Heap Region Size: 1M
 Heap Min Capacity: 8M
 Heap Initial Capacity: 32M
 Heap Max Capacity: 504M
 Pre-touch: Disabled
 Parallel Workers: 2
 Concurrent Workers: 1
 Concurrent Refinement Workers: 2
 Periodic GC: Disabled
Heap:
 garbage-first heap   total 32768K, used 9819K [0x00000000e0800000, 0x0000000100000000)
  region size 1024K, 3 young (3072K), 2 survivors (2048K)
 Metaspace       used 24024K, committed 24256K, reserved 1073152K
  class space    used 2801K, committed 2944K, reserved 1048576K
GC Heap History (14 events):
Event: 3.822 GC heap before
{Heap before GC invocations=0 (full 0):
 garbage-first heap   total 32768K, used 6144K [0x00000000e0800000, 0x0000000100000000)
  region size 1024K, 6 young (6144K), 0 survivors (0K)
 Metaspace       used 7929K, committed 8128K, reserved 1056768K
  class space    used 725K, committed 832K, reserved 1048576K
}
Event: 3.838 GC heap after
{Heap after GC invocations=1 (full 0):
 garbage-first heap   total 32768K, used 4925K [0x00000000e0800000, 0x0000000100000000)
  region size 1024K, 1 young (1024K), 1 survivors (1024K)
 Metaspace       used 7929K, committed 8128K, reserved 1056768K
  class space    used 725K, committed 832K, reserved 1048576K
}
Event: 5.230 GC heap before
{Heap before GC invocations=1 (full 0):
 garbage-first heap   total 32768K, used 6973K [0x00000000e0800000, 0x0000000100000000)
  region size 1024K, 3 young (3072K), 1 survivors (1024K)
 Metaspace       used 10138K, committed 10304K, reserved 1064960K
  class space    used 985K, committed 1024K, reserved 1048576K
}
Event: 5.236 GC heap after
{Heap after GC invocations=2 (full 0):
 garbage-first heap   total 32768K, used 5563K [0x00000000e0800000, 0x0000000100000000)
  region size 1024K, 1 young (1024K), 1 survivors (1024K)
 Metaspace       used 10138K, committed 10304K, reserved 1064960K
  class space    used 985K, committed 1024K, reserved 1048576K
}
Event: 9.384 GC heap before
{Heap before GC invocations=2 (full 0):
 garbage-first heap   total 32768K, used 12731K [0x00000000e0800000, 0x0000000100000000)
  region size 1024K, 8 young (8192K), 1 survivors (1024K)
 Metaspace       used 14395K, committed 14592K, reserved 1064960K
  class space    used 1498K, committed 1600K, reserved 1048576K
}
Event: 9.395 GC heap after
{Heap after GC invocations=3 (full 0):
 garbage-first heap   total 32768K, used 7134K [0x00000000e0800000, 0x0000000100000000)
  region size 1024K, 1 young (1024K), 1 survivors (1024K)
 Metaspace       used 14395K, committed 14592K, reserved 1064960K
  class space    used 1498K, committed 1600K, reserved 1048576K
}
Event: 11.819 GC heap before
{Heap before GC invocations=3 (full 0):
 garbage-first heap   total 32768K, used 15326K [0x00000000e0800000, 0x0000000100000000)
  region size 1024K, 10 young (10240K), 1 survivors (1024K)
 Metaspace       used 16001K, committed 16192K, reserved 1064960K
  class space    used 1719K, committed 1792K, reserved 1048576K
}
Event: 11.832 GC heap after
{Heap after GC invocations=4 (full 0):
 garbage-first heap   total 32768K, used 7667K [0x00000000e0800000, 0x0000000100000000)
  region size 1024K, 2 young (2048K), 2 survivors (2048K)
 Metaspace       used 16001K, committed 16192K, reserved 1064960K
  class space    used 1719K, committed 1792K, reserved 1048576K
}
Event: 13.878 GC heap before
{Heap before GC invocations=4 (full 0):
 garbage-first heap   total 32768K, used 18931K [0x00000000e0800000, 0x0000000100000000)
  region size 1024K, 13 young (13312K), 2 survivors (2048K)
 Metaspace       used 18730K, committed 19008K, reserved 1073152K
  class space    used 2105K, committed 2240K, reserved 1048576K
}
Event: 13.931 GC heap after
{Heap after GC invocations=5 (full 0):
 garbage-first heap   total 32768K, used 8812K [0x00000000e0800000, 0x0000000100000000)
  region size 1024K, 2 young (2048K), 2 survivors (2048K)
 Metaspace       used 18730K, committed 19008K, reserved 1073152K
  class space    used 2105K, committed 2240K, reserved 1048576K
}
Event: 15.476 GC heap before
{Heap before GC invocations=5 (full 0):
 garbage-first heap   total 32768K, used 19052K [0x00000000e0800000, 0x0000000100000000)
  region size 1024K, 13 young (13312K), 2 survivors (2048K)
 Metaspace       used 21219K, committed 21504K, reserved 1073152K
  class space    used 2476K, committed 2624K, reserved 1048576K
}
Event: 15.500 GC heap after
{Heap after GC invocations=6 (full 0):
 garbage-first heap   total 32768K, used 9290K [0x00000000e0800000, 0x0000000100000000)
  region size 1024K, 2 young (2048K), 2 survivors (2048K)
 Metaspace       used 21219K, committed 21504K, reserved 1073152K
  class space    used 2476K, committed 2624K, reserved 1048576K
}
Event: 16.282 GC heap before
{Heap before GC invocations=7 (full 0):
 garbage-first heap   total 32768K, used 20554K [0x00000000e0800000, 0x0000000100000000)
  region size 1024K, 14 young (14336K), 2 survivors (2048K)
 Metaspace       used 24012K, committed 24256K, reserved 1073152K
  class space    used 2799K, committed 2944K, reserved 1048576K
}
Event: 16.294 GC heap after
{Heap after GC invocations=8 (full 0):
 garbage-first heap   total 32768K, used 9819K [0x00000000e0800000, 0x0000000100000000)
  region size 1024K, 2 young (2048K), 2 survivors (2048K)
 Metaspace       used 24012K, committed 24256K, reserved 1073152K
  class space    used 2799K, committed 2944K, reserved 1048576K
}

