# JRE version: OpenJDK Runtime Environment Temurin-17.0.5+8 (17.0.5+8) (build 17.0.5+8)
# Java VM: OpenJDK 64-Bit Server VM Temurin-17.0.5+8 (17.0.5+8, mixed mode, emulated-client, tiered, compressed oops, compressed class ptrs, g1 gc, windows-amd64)
GC Precious Log:
 CPUs: 2 total, 2 available
 Memory: 2008M
 Large Page Support: Disabled
 NUMA Support: Disabled
 Compressed Oops: Enabled (32-bit)
 Heap Region Size: 1M
 Heap Min Capacity: 8M
 Heap Initial Capacity: 32M
 Heap Max Capacity: 504M
 Pre-touch: Disabled
 Parallel Workers: 2
 Concurrent Workers: 1
 Concurrent Refinement Workers: 2
 Periodic GC: Disabled
Heap:
 garbage-first heap   total 46080K, used 22886K [0x00000000e0800000, 0x0000000100000000)
  region size 1024K, 1 young (1024K), 1 survivors (1024K)
 Metaspace       used 55830K, committed 56192K, reserved 1097728K
  class space    used 7549K, committed 7744K, reserved 1048576K
GC Heap History (20 events):
Event: 13.874 GC heap after
{Heap after GC invocations=15 (full 0):
 garbage-first heap   total 46080K, used 17368K [0x00000000e0800000, 0x0000000100000000)
  region size 1024K, 2 young (2048K), 2 survivors (2048K)
 Metaspace       used 35811K, committed 36160K, reserved 1081344K
  class space    used 4514K, committed 4672K, reserved 1048576K
}
Event: 16.774 GC heap before
{Heap before GC invocations=16 (full 0):
 garbage-first heap   total 46080K, used 33752K [0x00000000e0800000, 0x0000000100000000)
  region size 1024K, 18 young (18432K), 2 survivors (2048K)
 Metaspace       used 36978K, committed 37312K, reserved 1081344K
  class space    used 4705K, committed 4864K, reserved 1048576K
}
Event: 16.792 GC heap after
{Heap after GC invocations=17 (full 0):
 garbage-first heap   total 46080K, used 18229K [0x00000000e0800000, 0x0000000100000000)
  region size 1024K, 2 young (2048K), 2 survivors (2048K)
 Metaspace       used 36978K, committed 37312K, reserved 1081344K
  class space    used 4705K, committed 4864K, reserved 1048576K
}
Event: 24.919 GC heap before
{Heap before GC invocations=17 (full 0):
 garbage-first heap   total 46080K, used 34613K [0x00000000e0800000, 0x0000000100000000)
  region size 1024K, 18 young (18432K), 2 survivors (2048K)
 Metaspace       used 41039K, committed 41408K, reserved 1089536K
  class space    used 5347K, committed 5504K, reserved 1048576K
}
Event: 24.937 GC heap after
{Heap after GC invocations=18 (full 0):
 garbage-first heap   total 46080K, used 19106K [0x00000000e0800000, 0x0000000100000000)
  region size 1024K, 2 young (2048K), 2 survivors (2048K)
 Metaspace       used 41039K, committed 41408K, reserved 1089536K
  class space    used 5347K, committed 5504K, reserved 1048576K
}
Event: 30.626 GC heap before
{Heap before GC invocations=18 (full 0):
 garbage-first heap   total 46080K, used 34466K [0x00000000e0800000, 0x0000000100000000)
  region size 1024K, 18 young (18432K), 2 survivors (2048K)
 Metaspace       used 45800K, committed 46208K, reserved 1089536K
  class space    used 6015K, committed 6208K, reserved 1048576K
}
Event: 30.672 GC heap after
{Heap after GC invocations=19 (full 0):
 garbage-first heap   total 46080K, used 20467K [0x00000000e0800000, 0x0000000100000000)
  region size 1024K, 3 young (3072K), 3 survivors (3072K)
 Metaspace       used 45800K, committed 46208K, reserved 1089536K
  class space    used 6015K, committed 6208K, reserved 1048576K
}
Event: 36.366 GC heap before
{Heap before GC invocations=19 (full 0):
 garbage-first heap   total 46080K, used 33779K [0x00000000e0800000, 0x0000000100000000)
  region size 1024K, 17 young (17408K), 3 survivors (3072K)
 Metaspace       used 49440K, committed 49856K, reserved 1097728K
  class space    used 6514K, committed 6720K, reserved 1048576K
}
Event: 36.408 GC heap after
{Heap after GC invocations=20 (full 0):
 garbage-first heap   total 46080K, used 21356K [0x00000000e0800000, 0x0000000100000000)
  region size 1024K, 3 young (3072K), 3 survivors (3072K)
 Metaspace       used 49440K, committed 49856K, reserved 1097728K
  class space    used 6514K, committed 6720K, reserved 1048576K
}
Event: 39.881 GC heap before
{Heap before GC invocations=20 (full 0):
 garbage-first heap   total 46080K, used 35692K [0x00000000e0800000, 0x0000000100000000)
  region size 1024K, 17 young (17408K), 3 survivors (3072K)
 Metaspace       used 52183K, committed 52608K, reserved 1097728K
  class space    used 7005K, committed 7168K, reserved 1048576K
}
Event: 40.410 GC heap after
{Heap after GC invocations=21 (full 0):
 garbage-first heap   total 46080K, used 22037K [0x00000000e0800000, 0x0000000100000000)
  region size 1024K, 2 young (2048K), 2 survivors (2048K)
 Metaspace       used 52183K, committed 52608K, reserved 1097728K
  class space    used 7005K, committed 7168K, reserved 1048576K
}
Event: 44.264 GC heap before
{Heap before GC invocations=21 (full 0):
 garbage-first heap   total 46080K, used 36373K [0x00000000e0800000, 0x0000000100000000)
  region size 1024K, 16 young (16384K), 2 survivors (2048K)
 Metaspace       used 54726K, committed 55168K, reserved 1097728K
  class space    used 7341K, committed 7552K, reserved 1048576K
}
Event: 44.455 GC heap after
{Heap after GC invocations=22 (full 0):
 garbage-first heap   total 46080K, used 23061K [0x00000000e0800000, 0x0000000100000000)
  region size 1024K, 2 young (2048K), 2 survivors (2048K)
 Metaspace       used 54726K, committed 55168K, reserved 1097728K
  class space    used 7341K, committed 7552K, reserved 1048576K
}
Event: 47.997 GC heap before
{Heap before GC invocations=23 (full 0):
 garbage-first heap   total 46080K, used 33301K [0x00000000e0800000, 0x0000000100000000)
  region size 1024K, 12 young (12288K), 2 survivors (2048K)
 Metaspace       used 55255K, committed 55616K, reserved 1097728K
  class space    used 7474K, committed 7616K, reserved 1048576K
}
Event: 48.134 GC heap after
{Heap after GC invocations=24 (full 0):
 garbage-first heap   total 46080K, used 23635K [0x00000000e0800000, 0x0000000100000000)
  region size 1024K, 2 young (2048K), 2 survivors (2048K)
 Metaspace       used 55255K, committed 55616K, reserved 1097728K
  class space    used 7474K, committed 7616K, reserved 1048576K
}
Event: 48.656 GC heap before
{Heap before GC invocations=24 (full 0):
 garbage-first heap   total 46080K, used 24659K [0x00000000e0800000, 0x0000000100000000)
  region size 1024K, 3 young (3072K), 2 survivors (2048K)
 Metaspace       used 55652K, committed 56000K, reserved 1097728K
  class space    used 7514K, committed 7680K, reserved 1048576K
}
Event: 48.973 GC heap after
{Heap after GC invocations=25 (full 0):
 garbage-first heap   total 46080K, used 23316K [0x00000000e0800000, 0x0000000100000000)
  region size 1024K, 1 young (1024K), 1 survivors (1024K)
 Metaspace       used 55652K, committed 56000K, reserved 1097728K
  class space    used 7514K, committed 7680K, reserved 1048576K
}
Event: 49.240 GC heap before
{Heap before GC invocations=25 (full 0):
 garbage-first heap   total 46080K, used 24340K [0x00000000e0800000, 0x0000000100000000)
  region size 1024K, 2 young (2048K), 1 survivors (1024K)
 Metaspace       used 55804K, committed 56192K, reserved 1097728K
  class space    used 7545K, committed 7744K, reserved 1048576K
}
Event: 49.269 GC heap after
{Heap after GC invocations=26 (full 0):
 garbage-first heap   total 46080K, used 23059K [0x00000000e0800000, 0x0000000100000000)
  region size 1024K, 1 young (1024K), 1 survivors (1024K)
 Metaspace       used 55804K, committed 56192K, reserved 1097728K
  class space    used 7545K, committed 7744K, reserved 1048576K
}
Event: 49.307 GC heap before
{Heap before GC invocations=26 (full 0):
 garbage-first heap   total 46080K, used 24083K [0x00000000e0800000, 0x0000000100000000)
  region size 1024K, 2 young (2048K), 1 survivors (1024K)
 Metaspace       used 55830K, committed 56192K, reserved 1097728K
  class space    used 7549K, committed 7744K, reserved 1048576K
}

